################################################################################
################################################################################
2024-07-18 22:50:55,506 - INFO - 

********** Iteration 1 ************
2024-07-18 22:50:55,514 - INFO - 
Training agent using sampled data from replay buffer...
2024-07-18 22:50:57,592 - INFO - 
Beginning logging procedure...
2024-07-18 22:50:57,592 - INFO - 
Collecting data for eval...
2024-07-18 22:50:58,965 - INFO - Initial_DataCollection_AverageReturn : 10344.517578125
2024-07-18 22:50:58,966 - INFO - Eval_AverageReturn : 4816.080078125
2024-07-18 22:50:58,966 - INFO - Eval_StdReturn : 0.0
2024-07-18 22:50:58,967 - INFO - Eval_MaxReturn : 4816.080078125
2024-07-18 22:50:58,967 - INFO - Eval_MinReturn : 4816.080078125
2024-07-18 22:50:58,967 - INFO - Eval_AverageEpLen : 1000.0
2024-07-18 22:50:58,968 - INFO - Train_AverageReturn : 10344.517578125
2024-07-18 22:50:58,968 - INFO - Train_StdReturn : 20.9814453125
2024-07-18 22:50:58,968 - INFO - Train_MaxReturn : 10365.4990234375
2024-07-18 22:50:58,968 - INFO - Train_MinReturn : 10323.5361328125
2024-07-18 22:50:58,969 - INFO - Train_AverageEpLen : 1000.0
2024-07-18 22:50:58,969 - INFO - Train_EnvstepsSoFar : 0
2024-07-18 22:50:58,969 - INFO - TimeSinceStart : 3.4594922065734863
2024-07-18 22:50:58,970 - INFO - Training Loss : 2.263456106185913
2024-07-18 22:50:58,970 - INFO - Initial_DataCollection_AverageReturn : 10344.517578125
Done logging...


2024-07-18 22:50:58,970 - INFO - 

********** Iteration 2 ************
2024-07-18 22:50:58,970 - INFO - 
Collecting data to be used for training...
2024-07-18 22:51:06,365 - INFO - 
Relabelling collected observations with labels from an expert policy...
2024-07-18 22:51:06,398 - INFO - 
Training agent using sampled data from replay buffer...
2024-07-18 22:51:08,970 - INFO - 
Beginning logging procedure...
2024-07-18 22:51:08,971 - INFO - 
Collecting data for eval...
2024-07-18 22:51:10,404 - INFO - Initial_DataCollection_AverageReturn : 10344.517578125
2024-07-18 22:51:10,404 - INFO - Eval_AverageReturn : 4708.59033203125
2024-07-18 22:51:10,405 - INFO - Eval_StdReturn : 0.0
2024-07-18 22:51:10,405 - INFO - Eval_MaxReturn : 4708.59033203125
2024-07-18 22:51:10,405 - INFO - Eval_MinReturn : 4708.59033203125
2024-07-18 22:51:10,405 - INFO - Eval_AverageEpLen : 1000.0
2024-07-18 22:51:10,406 - INFO - Train_AverageReturn : 4741.75927734375
2024-07-18 22:51:10,406 - INFO - Train_StdReturn : 76.33616638183594
2024-07-18 22:51:10,406 - INFO - Train_MaxReturn : 4860.7041015625
2024-07-18 22:51:10,406 - INFO - Train_MinReturn : 4664.11572265625
2024-07-18 22:51:10,407 - INFO - Train_AverageEpLen : 1000.0
2024-07-18 22:51:10,407 - INFO - Train_EnvstepsSoFar : 5000
2024-07-18 22:51:10,407 - INFO - TimeSinceStart : 14.89803695678711
2024-07-18 22:51:10,408 - INFO - Training Loss : 2.7476420402526855
2024-07-18 22:51:10,408 - INFO - Initial_DataCollection_AverageReturn : 10344.517578125
Done logging...


2024-07-18 22:51:10,408 - INFO - 

********** Iteration 3 ************
2024-07-18 22:51:10,409 - INFO - 
Collecting data to be used for training...
2024-07-18 22:51:18,546 - INFO - 
Relabelling collected observations with labels from an expert policy...
2024-07-18 22:51:18,586 - INFO - 
Training agent using sampled data from replay buffer...
2024-07-18 22:51:20,942 - INFO - 
Beginning logging procedure...
2024-07-18 22:51:20,942 - INFO - 
Collecting data for eval...
2024-07-18 22:51:22,424 - INFO - Initial_DataCollection_AverageReturn : 10344.517578125
2024-07-18 22:51:22,424 - INFO - Eval_AverageReturn : 4710.78662109375
2024-07-18 22:51:22,425 - INFO - Eval_StdReturn : 0.0
2024-07-18 22:51:22,426 - INFO - Eval_MaxReturn : 4710.78662109375
2024-07-18 22:51:22,426 - INFO - Eval_MinReturn : 4710.78662109375
2024-07-18 22:51:22,426 - INFO - Eval_AverageEpLen : 1000.0
2024-07-18 22:51:22,427 - INFO - Train_AverageReturn : 4782.98974609375
2024-07-18 22:51:22,427 - INFO - Train_StdReturn : 26.359561920166016
2024-07-18 22:51:22,427 - INFO - Train_MaxReturn : 4827.22265625
2024-07-18 22:51:22,427 - INFO - Train_MinReturn : 4748.6708984375
2024-07-18 22:51:22,428 - INFO - Train_AverageEpLen : 1000.0
2024-07-18 22:51:22,428 - INFO - Train_EnvstepsSoFar : 10000
2024-07-18 22:51:22,428 - INFO - TimeSinceStart : 26.918379068374634
2024-07-18 22:51:22,428 - INFO - Training Loss : 2.8584725856781006
2024-07-18 22:51:22,429 - INFO - Initial_DataCollection_AverageReturn : 10344.517578125
Done logging...


2024-07-18 22:51:22,429 - INFO - 

********** Iteration 4 ************
2024-07-18 22:51:22,429 - INFO - 
Collecting data to be used for training...
2024-07-18 22:51:30,342 - INFO - 
Relabelling collected observations with labels from an expert policy...
2024-07-18 22:51:30,381 - INFO - 
Training agent using sampled data from replay buffer...
2024-07-18 22:51:33,093 - INFO - 
Beginning logging procedure...
2024-07-18 22:51:33,093 - INFO - 
Collecting data for eval...
2024-07-18 22:51:34,605 - INFO - Initial_DataCollection_AverageReturn : 10344.517578125
2024-07-18 22:51:34,606 - INFO - Eval_AverageReturn : 4773.841796875
2024-07-18 22:51:34,606 - INFO - Eval_StdReturn : 0.0
2024-07-18 22:51:34,607 - INFO - Eval_MaxReturn : 4773.841796875
2024-07-18 22:51:34,607 - INFO - Eval_MinReturn : 4773.841796875
2024-07-18 22:51:34,607 - INFO - Eval_AverageEpLen : 1000.0
2024-07-18 22:51:34,608 - INFO - Train_AverageReturn : 4734.45751953125
2024-07-18 22:51:34,608 - INFO - Train_StdReturn : 40.440486907958984
2024-07-18 22:51:34,608 - INFO - Train_MaxReturn : 4781.96484375
2024-07-18 22:51:34,608 - INFO - Train_MinReturn : 4668.447265625
2024-07-18 22:51:34,609 - INFO - Train_AverageEpLen : 1000.0
2024-07-18 22:51:34,609 - INFO - Train_EnvstepsSoFar : 15000
2024-07-18 22:51:34,609 - INFO - TimeSinceStart : 39.099565267562866
2024-07-18 22:51:34,609 - INFO - Training Loss : 2.6887152194976807
2024-07-18 22:51:34,610 - INFO - Initial_DataCollection_AverageReturn : 10344.517578125
Done logging...


2024-07-18 22:51:34,610 - INFO - 

********** Iteration 5 ************
2024-07-18 22:51:34,610 - INFO - 
Collecting data to be used for training...
2024-07-18 22:51:42,086 - INFO - 
Relabelling collected observations with labels from an expert policy...
2024-07-18 22:51:42,110 - INFO - 
Training agent using sampled data from replay buffer...
2024-07-18 22:51:44,642 - INFO - 
Beginning logging procedure...
2024-07-18 22:51:44,643 - INFO - 
Collecting data for eval...
2024-07-18 22:51:46,148 - INFO - Initial_DataCollection_AverageReturn : 10344.517578125
2024-07-18 22:51:46,148 - INFO - Eval_AverageReturn : 4768.26171875
2024-07-18 22:51:46,149 - INFO - Eval_StdReturn : 0.0
2024-07-18 22:51:46,149 - INFO - Eval_MaxReturn : 4768.26171875
2024-07-18 22:51:46,149 - INFO - Eval_MinReturn : 4768.26171875
2024-07-18 22:51:46,149 - INFO - Eval_AverageEpLen : 1000.0
2024-07-18 22:51:46,150 - INFO - Train_AverageReturn : 4732.69677734375
2024-07-18 22:51:46,150 - INFO - Train_StdReturn : 40.592811584472656
2024-07-18 22:51:46,150 - INFO - Train_MaxReturn : 4773.6640625
2024-07-18 22:51:46,150 - INFO - Train_MinReturn : 4659.71484375
2024-07-18 22:51:46,151 - INFO - Train_AverageEpLen : 1000.0
2024-07-18 22:51:46,151 - INFO - Train_EnvstepsSoFar : 20000
2024-07-18 22:51:46,151 - INFO - TimeSinceStart : 50.641767501831055
2024-07-18 22:51:46,151 - INFO - Training Loss : 2.8103554248809814
2024-07-18 22:51:46,152 - INFO - Initial_DataCollection_AverageReturn : 10344.517578125
Done logging...


